<?xml version="1.0" encoding="UTF-8"?>
<!-- Generated by org.testng.reporters.JUnitReportReporter -->
<testsuite skipped="0" hostname="DESKTOP-1191HLU" name="com.khanal.JenkinsProject.JenkinTest" tests="5" failures="0" timestamp="21 Oct 2019 21:47:23 GMT" time="7.375" errors="0">
  <testcase name="someTest" time="7.315" classname="com.khanal.JenkinsProject.JenkinTest"/>
  <testcase name="some3Test" time="0.016" classname="com.khanal.JenkinsProject.JenkinTest"/>
  <testcase name="some4Test" time="0.002" classname="com.khanal.JenkinsProject.JenkinTest"/>
  <testcase name="some2Test" time="0.040" classname="com.khanal.JenkinsProject.JenkinTest"/>
  <testcase name="some5Test" time="0.002" classname="com.khanal.JenkinsProject.JenkinTest"/>
</testsuite> <!-- com.khanal.JenkinsProject.JenkinTest -->
